client/Application/build/intermediates/manifest_merge_blame_file/debug/manifest-merger-blame-debug-report.txt
1<?xml version="1.0" encoding="utf-8"?>
2<!--
3 Copyright 2013 The Android Open Source Project
4
5 Licensed under the Apache License, Version 2.0 (the "License");
6 you may not use this file except in compliance with the License.
7 You may obtain a copy of the License at
8
9     http://www.apache.org/licenses/LICENSE-2.0
10
11 Unless required by applicable law or agreed to in writing, software
12 distributed under the License is distributed on an "AS IS" BASIS,
13 WITHOUT WARRANTIES OR CONDITIONS OF ANY KIND, either express or implied.
14 See the License for the specific language governing permissions and
15 limitations under the License.
16-->
17<manifest xmlns:android="http://schemas.android.com/apk/res/android"
18    package="com.robocat.android.rc"
19    android:versionCode="1"
20    android:versionName="1.1" >
21
22    <uses-sdk
23        android:minSdkVersion="31"
23-->src/main/AndroidManifest.xml
24        android:targetSdkVersion="33" />
24-->src/main/AndroidManifest.xml
25
26    <!-- Min/target SDK versions (<uses-sdk>) managed by build.gradle -->
27
28
29    <!--
30    Declare this required feature if you want to make the app available to BLE-capable
31    devices only.  If you want to make your app available to devices that don't support BLE,
32    you should omit this in the manifest.  Instead, determine BLE capability by using
33    PackageManager.hasSystemFeature(FEATURE_BLUETOOTH_LE)
34    -->
35    <uses-feature
35-->src/main/AndroidManifest.xml:32:5-86
36        android:name="android.hardware.bluetooth"
36-->src/main/AndroidManifest.xml:32:19-60
37        android:required="true" />
37-->src/main/AndroidManifest.xml:32:61-84
38
39    <uses-permission android:name="android.permission.BLUETOOTH" />
39-->src/main/AndroidManifest.xml:34:5-104
39-->src/main/AndroidManifest.xml:34:22-65
40    <uses-permission android:name="android.permission.BLUETOOTH_ADMIN" />
40-->src/main/AndroidManifest.xml:35:5-110
40-->src/main/AndroidManifest.xml:35:22-71
41    <uses-permission android:name="android.permission.BLUETOOTH_SCAN" />
41-->src/main/AndroidManifest.xml:36:5-109
41-->src/main/AndroidManifest.xml:36:22-70
42    <uses-permission android:name="android.permission.BLUETOOTH_CONNECT" />
42-->src/main/AndroidManifest.xml:37:5-112
42-->src/main/AndroidManifest.xml:37:22-73
43    <uses-permission android:name="android.permission.ACCESS_COARSE_LOCATION" />
43-->src/main/AndroidManifest.xml:38:5-117
43-->src/main/AndroidManifest.xml:38:22-78
44    <uses-permission android:name="android.permission.ACCESS_FINE_LOCATION" />
44-->src/main/AndroidManifest.xml:39:5-115
44-->src/main/AndroidManifest.xml:39:22-76
45
46    <permission
46-->[androidx.core:core:1.9.0] AndroidManifest.xml:22:5-24:47
47        android:name="com.robocat.android.rc.DYNAMIC_RECEIVER_NOT_EXPORTED_PERMISSION"
47-->[androidx.core:core:1.9.0] AndroidManifest.xml:23:9-81
48        android:protectionLevel="signature" />
48-->[androidx.core:core:1.9.0] AndroidManifest.xml:24:9-44
49
50    <uses-permission android:name="com.robocat.android.rc.DYNAMIC_RECEIVER_NOT_EXPORTED_PERMISSION" />
50-->[androidx.core:core:1.9.0] AndroidManifest.xml:26:5-97
50-->[androidx.core:core:1.9.0] AndroidManifest.xml:26:22-94
51
52    <application
52-->src/main/AndroidManifest.xml:42:5-60:19
53        android:name="com.robocat.android.rc.MainApplication"
53-->src/main/AndroidManifest.xml:45:9-62
54        android:appComponentFactory="androidx.core.app.CoreComponentFactory"
54-->[androidx.core:core:1.9.0] AndroidManifest.xml:28:18-86
55        android:debuggable="true"
56        android:extractNativeLibs="false"
57        android:icon="@drawable/ic_launcher"
57-->src/main/AndroidManifest.xml:44:9-45
58        android:label="@string/app_name"
58-->src/main/AndroidManifest.xml:43:9-41
59        android:testOnly="true"
60        android:theme="@android:style/Theme.DeviceDefault" >
60-->src/main/AndroidManifest.xml:46:9-59
61        <activity
61-->src/main/AndroidManifest.xml:48:9-53:20
62            android:name="com.robocat.android.rc.activities.StartupActivity"
62-->src/main/AndroidManifest.xml:48:19-61
63            android:exported="true" >
63-->src/main/AndroidManifest.xml:48:62-85
64            <intent-filter>
64-->src/main/AndroidManifest.xml:49:13-52:29
65                <action android:name="android.intent.action.MAIN" />
65-->src/main/AndroidManifest.xml:50:17-68
65-->src/main/AndroidManifest.xml:50:25-66
66
67                <category android:name="android.intent.category.LAUNCHER" />
67-->src/main/AndroidManifest.xml:51:17-76
67-->src/main/AndroidManifest.xml:51:27-74
68            </intent-filter>
69        </activity>
70        <activity android:name="com.robocat.android.rc.activities.DeviceScanActivity" />
70-->src/main/AndroidManifest.xml:54:9-66
70-->src/main/AndroidManifest.xml:54:19-64
71        <activity android:name="com.robocat.android.rc.activities.base.BluetoothActivity" />
71-->src/main/AndroidManifest.xml:55:9-70
71-->src/main/AndroidManifest.xml:55:19-68
72        <activity android:name="com.robocat.android.rc.activities.DeviceSetupActivity" />
72-->src/main/AndroidManifest.xml:56:9-67
72-->src/main/AndroidManifest.xml:56:19-65
73        <activity android:name="com.robocat.android.rc.activities.HomepageActivity" />
73-->src/main/AndroidManifest.xml:57:9-64
73-->src/main/AndroidManifest.xml:57:19-62
74
75        <service
75-->src/main/AndroidManifest.xml:59:9-125
76            android:name="com.robocat.android.rc.services.BluetoothService"
76-->src/main/AndroidManifest.xml:59:18-59
77            android:enabled="true"
77-->src/main/AndroidManifest.xml:59:101-123
78            android:foregroundServiceType="location" />
78-->src/main/AndroidManifest.xml:59:60-100
79        <service
79-->[androidx.room:room-runtime:2.5.0] AndroidManifest.xml:24:9-28:63
80            android:name="androidx.room.MultiInstanceInvalidationService"
80-->[androidx.room:room-runtime:2.5.0] AndroidManifest.xml:25:13-74
81            android:directBootAware="true"
81-->[androidx.room:room-runtime:2.5.0] AndroidManifest.xml:26:13-43
82            android:exported="false" />
82-->[androidx.room:room-runtime:2.5.0] AndroidManifest.xml:27:13-37
83
84        <provider
84-->[androidx.emoji2:emoji2:1.2.0] AndroidManifest.xml:24:9-32:20
85            android:name="androidx.startup.InitializationProvider"
85-->[androidx.emoji2:emoji2:1.2.0] AndroidManifest.xml:25:13-67
86            android:authorities="com.robocat.android.rc.androidx-startup"
86-->[androidx.emoji2:emoji2:1.2.0] AndroidManifest.xml:26:13-68
87            android:exported="false" >
87-->[androidx.emoji2:emoji2:1.2.0] AndroidManifest.xml:27:13-37
88            <meta-data
88-->[androidx.emoji2:emoji2:1.2.0] AndroidManifest.xml:29:13-31:52
89                android:name="androidx.emoji2.text.EmojiCompatInitializer"
89-->[androidx.emoji2:emoji2:1.2.0] AndroidManifest.xml:30:17-75
90                android:value="androidx.startup" />
90-->[androidx.emoji2:emoji2:1.2.0] AndroidManifest.xml:31:17-49
91            <meta-data
91-->[androidx.lifecycle:lifecycle-process:2.4.1] AndroidManifest.xml:31:13-33:52
92                android:name="androidx.lifecycle.ProcessLifecycleInitializer"
92-->[androidx.lifecycle:lifecycle-process:2.4.1] AndroidManifest.xml:32:17-78
93                android:value="androidx.startup" />
93-->[androidx.lifecycle:lifecycle-process:2.4.1] AndroidManifest.xml:33:17-49
94        </provider>
95    </application>
96
97</manifest>